# JRE version: Java(TM) SE Runtime Environment (8.0_60-b27) (build 1.8.0_60-b27)
# Java VM: Java HotSpot(TM) 64-Bit Server VM (25.60-b23 mixed mode windows-amd64 compressed oops)
Heap:
 PSYoungGen      total 118784K, used 52793K [0x00000000f5580000, 0x0000000100000000, 0x0000000100000000)
  eden space 105984K, 37% used [0x00000000f5580000,0x00000000f7c951d8,0x00000000fbd00000)
  from space 12800K, 99% used [0x00000000fbd00000,0x00000000fc9792c0,0x00000000fc980000)
  to   space 16384K, 0% used [0x00000000ff000000,0x00000000ff000000,0x0000000100000000)
 ParOldGen       total 38912K, used 27244K [0x00000000e0000000, 0x00000000e2600000, 0x00000000f5580000)
  object space 38912K, 70% used [0x00000000e0000000,0x00000000e1a9b020,0x00000000e2600000)
 Metaspace       used 24768K, capacity 25274K, committed 25648K, reserved 1071104K
  class space    used 2849K, capacity 3004K, committed 3120K, reserved 1048576K
GC Heap History (10 events):
Event: 98.022 GC heap before
{Heap before GC invocations=8 (full 0):
 PSYoungGen      total 38912K, used 38880K [0x00000000f5580000, 0x00000000fa680000, 0x0000000100000000)
  eden space 34304K, 100% used [0x00000000f5580000,0x00000000f7700000,0x00000000f7700000)
  from space 4608K, 99% used [0x00000000f7700000,0x00000000f7b78020,0x00000000f7b80000)
  to   space 7168K, 0% used [0x00000000f9f80000,0x00000000f9f80000,0x00000000fa680000)
 ParOldGen       total 22016K, used 11377K [0x00000000e0000000, 0x00000000e1580000, 0x00000000f5580000)
  object space 22016K, 51% used [0x00000000e0000000,0x00000000e0b1c4a0,0x00000000e1580000)
 Metaspace       used 15519K, capacity 15796K, committed 16128K, reserved 1062912K
  class space    used 1846K, capacity 1944K, committed 2048K, reserved 1048576K
Event: 98.071 GC heap after
Heap after GC invocations=8 (full 0):
 PSYoungGen      total 73728K, used 7168K [0x00000000f5580000, 0x00000000faa80000, 0x0000000100000000)
  eden space 66560K, 0% used [0x00000000f5580000,0x00000000f5580000,0x00000000f9680000)
  from space 7168K, 100% used [0x00000000f9f80000,0x00000000fa680000,0x00000000fa680000)
  to   space 9216K, 0% used [0x00000000f9680000,0x00000000f9680000,0x00000000f9f80000)
 ParOldGen       total 22016K, used 13755K [0x00000000e0000000, 0x00000000e1580000, 0x00000000f5580000)
  object space 22016K, 62% used [0x00000000e0000000,0x00000000e0d6ece0,0x00000000e1580000)
 Metaspace       used 15519K, capacity 15796K, committed 16128K, reserved 1062912K
  class space    used 1846K, capacity 1944K, committed 2048K, reserved 1048576K
}
Event: 100.849 GC heap before
{Heap before GC invocations=9 (full 0):
 PSYoungGen      total 73728K, used 73728K [0x00000000f5580000, 0x00000000faa80000, 0x0000000100000000)
  eden space 66560K, 100% used [0x00000000f5580000,0x00000000f9680000,0x00000000f9680000)
  from space 7168K, 100% used [0x00000000f9f80000,0x00000000fa680000,0x00000000fa680000)
  to   space 9216K, 0% used [0x00000000f9680000,0x00000000f9680000,0x00000000f9f80000)
 ParOldGen       total 22016K, used 13755K [0x00000000e0000000, 0x00000000e1580000, 0x00000000f5580000)
  object space 22016K, 62% used [0x00000000e0000000,0x00000000e0d6ece0,0x00000000e1580000)
 Metaspace       used 16159K, capacity 16396K, committed 16640K, reserved 1064960K
  class space    used 1866K, capacity 1948K, committed 2048K, reserved 1048576K
Event: 100.889 GC heap after
Heap after GC invocations=9 (full 0):
 PSYoungGen      total 75776K, used 9216K [0x00000000f5580000, 0x00000000fd580000, 0x0000000100000000)
  eden space 66560K, 0% used [0x00000000f5580000,0x00000000f5580000,0x00000000f9680000)
  from space 9216K, 100% used [0x00000000f9680000,0x00000000f9f80000,0x00000000f9f80000)
  to   space 12288K, 0% used [0x00000000fc980000,0x00000000fc980000,0x00000000fd580000)
 ParOldGen       total 22016K, used 17076K [0x00000000e0000000, 0x00000000e1580000, 0x00000000f5580000)
  object space 22016K, 77% used [0x00000000e0000000,0x00000000e10ad0d0,0x00000000e1580000)
 Metaspace       used 16159K, capacity 16396K, committed 16640K, reserved 1064960K
  class space    used 1866K, capacity 1948K, committed 2048K, reserved 1048576K
}
Event: 105.631 GC heap before
{Heap before GC invocations=10 (full 0):
 PSYoungGen      total 75776K, used 74566K [0x00000000f5580000, 0x00000000fd580000, 0x0000000100000000)
  eden space 66560K, 98% used [0x00000000f5580000,0x00000000f9551ac8,0x00000000f9680000)
  from space 9216K, 100% used [0x00000000f9680000,0x00000000f9f80000,0x00000000f9f80000)
  to   space 12288K, 0% used [0x00000000fc980000,0x00000000fc980000,0x00000000fd580000)
 ParOldGen       total 22016K, used 17076K [0x00000000e0000000, 0x00000000e1580000, 0x00000000f5580000)
  object space 22016K, 77% used [0x00000000e0000000,0x00000000e10ad0d0,0x00000000e1580000)
 Metaspace       used 20694K, capacity 21180K, committed 21296K, reserved 1069056K
  class space    used 2440K, capacity 2584K, committed 2608K, reserved 1048576K
Event: 105.719 GC heap after
Heap after GC invocations=10 (full 0):
 PSYoungGen      total 118272K, used 8480K [0x00000000f5580000, 0x00000000fd680000, 0x0000000100000000)
  eden space 105984K, 0% used [0x00000000f5580000,0x00000000f5580000,0x00000000fbd00000)
  from space 12288K, 69% used [0x00000000fc980000,0x00000000fd1c8330,0x00000000fd580000)
  to   space 12800K, 0% used [0x00000000fbd00000,0x00000000fbd00000,0x00000000fc980000)
 ParOldGen       total 23040K, used 22359K [0x00000000e0000000, 0x00000000e1680000, 0x00000000f5580000)
  object space 23040K, 97% used [0x00000000e0000000,0x00000000e15d5e30,0x00000000e1680000)
 Metaspace       used 20694K, capacity 21180K, committed 21296K, reserved 1069056K
  class space    used 2440K, capacity 2584K, committed 2608K, reserved 1048576K
}
Event: 105.719 GC heap before
{Heap before GC invocations=11 (full 1):
 PSYoungGen      total 118272K, used 8480K [0x00000000f5580000, 0x00000000fd680000, 0x0000000100000000)
  eden space 105984K, 0% used [0x00000000f5580000,0x00000000f5580000,0x00000000fbd00000)
  from space 12288K, 69% used [0x00000000fc980000,0x00000000fd1c8330,0x00000000fd580000)
  to   space 12800K, 0% used [0x00000000fbd00000,0x00000000fbd00000,0x00000000fc980000)
 ParOldGen       total 23040K, used 22359K [0x00000000e0000000, 0x00000000e1680000, 0x00000000f5580000)
  object space 23040K, 97% used [0x00000000e0000000,0x00000000e15d5e30,0x00000000e1680000)
 Metaspace       used 20694K, capacity 21180K, committed 21296K, reserved 1069056K
  class space    used 2440K, capacity 2584K, committed 2608K, reserved 1048576K
Event: 106.297 GC heap after
Heap after GC invocations=11 (full 1):
 PSYoungGen      total 118272K, used 2691K [0x00000000f5580000, 0x00000000fd680000, 0x0000000100000000)
  eden space 105984K, 0% used [0x00000000f5580000,0x00000000f5580000,0x00000000fbd00000)
  from space 12288K, 21% used [0x00000000fc980000,0x00000000fcc20f68,0x00000000fd580000)
  to   space 12800K, 0% used [0x00000000fbd00000,0x00000000fbd00000,0x00000000fc980000)
 ParOldGen       total 38912K, used 22690K [0x00000000e0000000, 0x00000000e2600000, 0x00000000f5580000)
  object space 38912K, 58% used [0x00000000e0000000,0x00000000e1628bc0,0x00000000e2600000)
 Metaspace       used 20694K, capacity 21180K, committed 21296K, reserved 1069056K
  class space    used 2440K, capacity 2584K, committed 2608K, reserved 1048576K
}
Event: 112.047 GC heap before
{Heap before GC invocations=12 (full 1):
 PSYoungGen      total 118272K, used 108675K [0x00000000f5580000, 0x00000000fd680000, 0x0000000100000000)
  eden space 105984K, 100% used [0x00000000f5580000,0x00000000fbd00000,0x00000000fbd00000)
  from space 12288K, 21% used [0x00000000fc980000,0x00000000fcc20f68,0x00000000fd580000)
  to   space 12800K, 0% used [0x00000000fbd00000,0x00000000fbd00000,0x00000000fc980000)
 ParOldGen       total 38912K, used 22690K [0x00000000e0000000, 0x00000000e2600000, 0x00000000f5580000)
  object space 38912K, 58% used [0x00000000e0000000,0x00000000e1628bc0,0x00000000e2600000)
 Metaspace       used 23852K, capacity 24314K, committed 24752K, reserved 1071104K
  class space    used 2759K, capacity 2876K, committed 2992K, reserved 1048576K
Event: 112.121 GC heap after
Heap after GC invocations=12 (full 1):
 PSYoungGen      total 118784K, used 12772K [0x00000000f5580000, 0x0000000100000000, 0x0000000100000000)
  eden space 105984K, 0% used [0x00000000f5580000,0x00000000f5580000,0x00000000fbd00000)
  from space 12800K, 99% used [0x00000000fbd00000,0x00000000fc9792c0,0x00000000fc980000)
  to   space 16384K, 0% used [0x00000000ff000000,0x00000000ff000000,0x0000000100000000)
 ParOldGen       total 38912K, used 27244K [0x00000000e0000000, 0x00000000e2600000, 0x00000000f5580000)
  object space 38912K, 70% used [0x00000000e0000000,0x00000000e1a9b020,0x00000000e2600000)
 Metaspace       used 23852K, capacity 24314K, committed 24752K, reserved 1071104K
  class space    used 2759K, capacity 2876K, committed 2992K, reserved 1048576K
}

