# JRE version: Java(TM) SE Runtime Environment (8.0_60-b27) (build 1.8.0_60-b27)
# Java VM: Java HotSpot(TM) 64-Bit Server VM (25.60-b23 mixed mode windows-amd64 compressed oops)
Heap:
 PSYoungGen      total 147456K, used 40244K [0x00000000f5580000, 0x0000000100000000, 0x0000000100000000)
  eden space 139264K, 23% used [0x00000000f5580000,0x00000000f74d0990,0x00000000fdd80000)
  from space 8192K, 99% used [0x00000000fdd80000,0x00000000fe57c700,0x00000000fe580000)
  to   space 12288K, 0% used [0x00000000ff400000,0x00000000ff400000,0x0000000100000000)
 ParOldGen       total 31744K, used 21217K [0x00000000e0000000, 0x00000000e1f00000, 0x00000000f5580000)
  object space 31744K, 66% used [0x00000000e0000000,0x00000000e14b8580,0x00000000e1f00000)
 Metaspace       used 51269K, capacity 53840K, committed 54016K, reserved 1095680K
  class space    used 7121K, capacity 7564K, committed 7680K, reserved 1048576K
GC Heap History (10 events):
Event: 8.720 GC heap before
{Heap before GC invocations=11 (full 1):
 PSYoungGen      total 74240K, used 69116K [0x00000000f5580000, 0x00000000fcb80000, 0x0000000100000000)
  eden space 69120K, 99% used [0x00000000f5580000,0x00000000f98ff098,0x00000000f9900000)
  from space 5120K, 0% used [0x00000000f9900000,0x00000000f9900000,0x00000000f9e00000)
  to   space 5120K, 0% used [0x00000000fc680000,0x00000000fc680000,0x00000000fcb80000)
 ParOldGen       total 20480K, used 10264K [0x00000000e0000000, 0x00000000e1400000, 0x00000000f5580000)
  object space 20480K, 50% used [0x00000000e0000000,0x00000000e0a06338,0x00000000e1400000)
 Metaspace       used 25139K, capacity 26408K, committed 26752K, reserved 1073152K
  class space    used 3348K, capacity 3594K, committed 3712K, reserved 1048576K
Event: 8.736 GC heap after
Heap after GC invocations=11 (full 1):
 PSYoungGen      total 104448K, used 5113K [0x00000000f5580000, 0x00000000fcb80000, 0x0000000100000000)
  eden space 99328K, 0% used [0x00000000f5580000,0x00000000f5580000,0x00000000fb680000)
  from space 5120K, 99% used [0x00000000fc680000,0x00000000fcb7e520,0x00000000fcb80000)
  to   space 6144K, 0% used [0x00000000fbf80000,0x00000000fbf80000,0x00000000fc580000)
 ParOldGen       total 20480K, used 11454K [0x00000000e0000000, 0x00000000e1400000, 0x00000000f5580000)
  object space 20480K, 55% used [0x00000000e0000000,0x00000000e0b2f9f0,0x00000000e1400000)
 Metaspace       used 25139K, capacity 26408K, committed 26752K, reserved 1073152K
  class space    used 3348K, capacity 3594K, committed 3712K, reserved 1048576K
}
Event: 15.756 GC heap before
{Heap before GC invocations=12 (full 1):
 PSYoungGen      total 104448K, used 104441K [0x00000000f5580000, 0x00000000fcb80000, 0x0000000100000000)
  eden space 99328K, 100% used [0x00000000f5580000,0x00000000fb680000,0x00000000fb680000)
  from space 5120K, 99% used [0x00000000fc680000,0x00000000fcb7e520,0x00000000fcb80000)
  to   space 6144K, 0% used [0x00000000fbf80000,0x00000000fbf80000,0x00000000fc580000)
 ParOldGen       total 20480K, used 11454K [0x00000000e0000000, 0x00000000e1400000, 0x00000000f5580000)
  object space 20480K, 55% used [0x00000000e0000000,0x00000000e0b2f9f0,0x00000000e1400000)
 Metaspace       used 30803K, capacity 32580K, committed 32640K, reserved 1077248K
  class space    used 4110K, capacity 4456K, committed 4480K, reserved 1048576K
Event: 15.782 GC heap after
Heap after GC invocations=12 (full 1):
 PSYoungGen      total 114688K, used 6128K [0x00000000f5580000, 0x00000000fed80000, 0x0000000100000000)
  eden space 108544K, 0% used [0x00000000f5580000,0x00000000f5580000,0x00000000fbf80000)
  from space 6144K, 99% used [0x00000000fbf80000,0x00000000fc57c380,0x00000000fc580000)
  to   space 8192K, 0% used [0x00000000fe580000,0x00000000fe580000,0x00000000fed80000)
 ParOldGen       total 20480K, used 15015K [0x00000000e0000000, 0x00000000e1400000, 0x00000000f5580000)
  object space 20480K, 73% used [0x00000000e0000000,0x00000000e0ea9fc0,0x00000000e1400000)
 Metaspace       used 30803K, capacity 32580K, committed 32640K, reserved 1077248K
  class space    used 4110K, capacity 4456K, committed 4480K, reserved 1048576K
}
Event: 17.677 GC heap before
{Heap before GC invocations=13 (full 1):
 PSYoungGen      total 114688K, used 41471K [0x00000000f5580000, 0x00000000fed80000, 0x0000000100000000)
  eden space 108544K, 32% used [0x00000000f5580000,0x00000000f7803890,0x00000000fbf80000)
  from space 6144K, 99% used [0x00000000fbf80000,0x00000000fc57c380,0x00000000fc580000)
  to   space 8192K, 0% used [0x00000000fe580000,0x00000000fe580000,0x00000000fed80000)
 ParOldGen       total 20480K, used 15015K [0x00000000e0000000, 0x00000000e1400000, 0x00000000f5580000)
  object space 20480K, 73% used [0x00000000e0000000,0x00000000e0ea9fc0,0x00000000e1400000)
 Metaspace       used 33583K, capacity 35402K, committed 35496K, reserved 1079296K
  class space    used 4498K, capacity 4841K, committed 4864K, reserved 1048576K
Event: 17.693 GC heap after
Heap after GC invocations=13 (full 1):
 PSYoungGen      total 147456K, used 3393K [0x00000000f5580000, 0x00000000ff800000, 0x0000000100000000)
  eden space 139264K, 0% used [0x00000000f5580000,0x00000000f5580000,0x00000000fdd80000)
  from space 8192K, 41% used [0x00000000fe580000,0x00000000fe8d0448,0x00000000fed80000)
  to   space 8192K, 0% used [0x00000000fdd80000,0x00000000fdd80000,0x00000000fe580000)
 ParOldGen       total 20480K, used 18275K [0x00000000e0000000, 0x00000000e1400000, 0x00000000f5580000)
  object space 20480K, 89% used [0x00000000e0000000,0x00000000e11d8e00,0x00000000e1400000)
 Metaspace       used 33583K, capacity 35402K, committed 35496K, reserved 1079296K
  class space    used 4498K, capacity 4841K, committed 4864K, reserved 1048576K
}
Event: 17.693 GC heap before
{Heap before GC invocations=14 (full 2):
 PSYoungGen      total 147456K, used 3393K [0x00000000f5580000, 0x00000000ff800000, 0x0000000100000000)
  eden space 139264K, 0% used [0x00000000f5580000,0x00000000f5580000,0x00000000fdd80000)
  from space 8192K, 41% used [0x00000000fe580000,0x00000000fe8d0448,0x00000000fed80000)
  to   space 8192K, 0% used [0x00000000fdd80000,0x00000000fdd80000,0x00000000fe580000)
 ParOldGen       total 20480K, used 18275K [0x00000000e0000000, 0x00000000e1400000, 0x00000000f5580000)
  object space 20480K, 89% used [0x00000000e0000000,0x00000000e11d8e00,0x00000000e1400000)
 Metaspace       used 33583K, capacity 35402K, committed 35496K, reserved 1079296K
  class space    used 4498K, capacity 4841K, committed 4864K, reserved 1048576K
Event: 17.807 GC heap after
Heap after GC invocations=14 (full 2):
 PSYoungGen      total 147456K, used 0K [0x00000000f5580000, 0x00000000ff800000, 0x0000000100000000)
  eden space 139264K, 0% used [0x00000000f5580000,0x00000000f5580000,0x00000000fdd80000)
  from space 8192K, 0% used [0x00000000fe580000,0x00000000fe580000,0x00000000fed80000)
  to   space 8192K, 0% used [0x00000000fdd80000,0x00000000fdd80000,0x00000000fe580000)
 ParOldGen       total 31744K, used 12215K [0x00000000e0000000, 0x00000000e1f00000, 0x00000000f5580000)
  object space 31744K, 38% used [0x00000000e0000000,0x00000000e0bedc88,0x00000000e1f00000)
 Metaspace       used 33583K, capacity 35402K, committed 35496K, reserved 1079296K
  class space    used 4498K, capacity 4841K, committed 4864K, reserved 1048576K
}
Event: 25.460 GC heap before
{Heap before GC invocations=15 (full 2):
 PSYoungGen      total 147456K, used 139264K [0x00000000f5580000, 0x00000000ff800000, 0x0000000100000000)
  eden space 139264K, 100% used [0x00000000f5580000,0x00000000fdd80000,0x00000000fdd80000)
  from space 8192K, 0% used [0x00000000fe580000,0x00000000fe580000,0x00000000fed80000)
  to   space 8192K, 0% used [0x00000000fdd80000,0x00000000fdd80000,0x00000000fe580000)
 ParOldGen       total 31744K, used 12215K [0x00000000e0000000, 0x00000000e1f00000, 0x00000000f5580000)
  object space 31744K, 38% used [0x00000000e0000000,0x00000000e0bedc88,0x00000000e1f00000)
 Metaspace       used 49082K, capacity 51224K, committed 51584K, reserved 1093632K
  class space    used 6824K, capacity 7226K, committed 7296K, reserved 1048576K
Event: 25.496 GC heap after
Heap after GC invocations=15 (full 2):
 PSYoungGen      total 147456K, used 8177K [0x00000000f5580000, 0x0000000100000000, 0x0000000100000000)
  eden space 139264K, 0% used [0x00000000f5580000,0x00000000f5580000,0x00000000fdd80000)
  from space 8192K, 99% used [0x00000000fdd80000,0x00000000fe57c700,0x00000000fe580000)
  to   space 12288K, 0% used [0x00000000ff400000,0x00000000ff400000,0x0000000100000000)
 ParOldGen       total 31744K, used 21217K [0x00000000e0000000, 0x00000000e1f00000, 0x00000000f5580000)
  object space 31744K, 66% used [0x00000000e0000000,0x00000000e14b8580,0x00000000e1f00000)
 Metaspace       used 49082K, capacity 51224K, committed 51584K, reserved 1093632K
  class space    used 6824K, capacity 7226K, committed 7296K, reserved 1048576K
}

